{
  "RSpec": {
    "coverage": {
      "/Users/brian/github/cheerfulstoic/record_linkage/lib/record_linkage/object_comparer.rb": [
        1,
        null,
        1,
        null,
        null,
        1,
        null,
        null,
        1,
        null,
        null,
        1,
        1,
        null,
        1,
        5,
        5,
        5,
        1,
        null,
        4,
        4,
        null,
        null,
        null,
        1,
        0,
        0,
        0,
        null,
        null,
        1,
        0,
        null,
        null,
        1,
        0,
        null,
        null,
        1,
        null,
        0,
        0,
        null,
        0,
        null,
        null,
        null,
        1,
        null,
        1,
        5,
        5,
        5,
        5,
        null,
        null,
        1,
        5,
        5,
        null,
        5,
        5,
        null,
        5,
        null,
        null,
        1,
        5,
        null,
        5,
        0,
        null,
        null,
        5,
        0,
        null,
        0,
        null,
        null,
        null,
        null,
        null,
        null,
        1,
        1,
        1,
        null,
        1,
        5,
        null,
        null,
        1,
        10,
        null,
        null,
        null,
        1,
        5,
        null,
        null,
        1,
        20,
        null,
        null,
        1,
        5,
        5,
        null,
        null,
        null,
        null,
        null,
        null,
        null,
        1,
        5,
        null,
        null,
        1,
        5,
        null,
        null,
        null
      ]
    },
    "timestamp": 1436390386
  }
}
